<?xml version="1.0" encoding="UTF-8" ?>
<testsuite failures="0" time="2.461" errors="0" skipped="0" tests="21" name="wjhk.jupload2.filedata.PictureFileDataTest">
  <properties>
[...]
</properties>
  <testcase time="0.799" classname="wjhk.jupload2.filedata.PictureFileDataTest" name="testConstructor"/>
  <testcase time="0.107" classname="wjhk.jupload2.filedata.PictureFileDataTest" name="testBeforeUpload_noTransformation"/>
  <testcase time="0.251" classname="wjhk.jupload2.filedata.PictureFileDataTest" name="testBeforeUpload_oneRotation"/>
  <testcase time="0.023" classname="wjhk.jupload2.filedata.PictureFileDataTest" name="testGetUploadLength"/>
  <testcase time="0.015" classname="wjhk.jupload2.filedata.PictureFileDataTest" name="testGetInputStream_nonPreparedFile"/>
  <testcase time="0.079" classname="wjhk.jupload2.filedata.PictureFileDataTest" name="testGetInputStream_nonTransformedFile"/>
  <testcase time="0.114" classname="wjhk.jupload2.filedata.PictureFileDataTest" name="testGetInputStream_RotatedFile"/>
  <testcase time="0.131" classname="wjhk.jupload2.filedata.PictureFileDataTest" name="testAfterUpload"/>
  <testcase time="0.282" classname="wjhk.jupload2.filedata.PictureFileDataTest" name="testGetImage"/>
  <testcase time="0.019" classname="wjhk.jupload2.filedata.PictureFileDataTest" name="testAddRotation"/>
  <testcase time="0.012" classname="wjhk.jupload2.filedata.PictureFileDataTest" name="testDeleteTransformedPictureFile"/>
  <testcase time="0.011" classname="wjhk.jupload2.filedata.PictureFileDataTest" name="testDeleteWorkingCopyPictureFile"/>
  <testcase time="0.132" classname="wjhk.jupload2.filedata.PictureFileDataTest" name="testInitTransformedPictureFile_Smaller_maxWidth"/>
  <testcase time="0.122" classname="wjhk.jupload2.filedata.PictureFileDataTest" name="testInitTransformedPictureFile_Smaller_maxHeight"/>
  <testcase time="0.029" classname="wjhk.jupload2.filedata.PictureFileDataTest" name="testInitTransformedPictureFile_Bigger_maxHeight"/>
  <testcase time="0.024" classname="wjhk.jupload2.filedata.PictureFileDataTest" name="testInitWidthAndHeight"/>
  <testcase time="0.016" classname="wjhk.jupload2.filedata.PictureFileDataTest" name="testCreateTransformedPictureFile"/>
  <testcase time="0.012" classname="wjhk.jupload2.filedata.PictureFileDataTest" name="testCreateWorkingCopyTempFile"/>
  <testcase time="0.015" classname="wjhk.jupload2.filedata.PictureFileDataTest" name="testGetWorkingSourceFile"/>
  <testcase time="0.175" classname="wjhk.jupload2.filedata.PictureFileDataTest" name="testGetImageIcon"/>
  <testcase time="0.013" classname="wjhk.jupload2.filedata.PictureFileDataTest" name="testIsFileAPicture"/>
</testsuite>