<?xml version="1.0" encoding="UTF-8" ?>
<testsuite failures="0" time="0.123" errors="0" skipped="0" tests="7" name="wjhk.jupload2.context.JUploadContextAppletTest">
  <properties>
[...]
</properties>
  <testcase time="0.022" classname="wjhk.jupload2.context.JUploadContextAppletTest" name="testInit"/>
  <testcase time="0.021" classname="wjhk.jupload2.context.JUploadContextAppletTest" name="testGetParameter_String"/>
  <testcase time="0.014" classname="wjhk.jupload2.context.JUploadContextAppletTest" name="testGetParameter_Int"/>
  <testcase time="0.026" classname="wjhk.jupload2.context.JUploadContextAppletTest" name="testGetParameter_Float"/>
  <testcase time="0.01" classname="wjhk.jupload2.context.JUploadContextAppletTest" name="testGetParameter_Long"/>
  <testcase time="0.011" classname="wjhk.jupload2.context.JUploadContextAppletTest" name="testGetParameter_Boolean"/>
  <testcase time="0.012" classname="wjhk.jupload2.context.JUploadContextAppletTest" name="testJsString"/>
</testsuite>